{"C:\\Users\\faccu\\Desktop\\02-mundosE\\proyecto1-devops-2025-g15\\src\\app.js": {"path":"C:\\Users\\faccu\\Desktop\\02-mundosE\\proyecto1-devops-2025-g15\\src\\app.js","statementMap":{"0":{"start":{"line":1,"column":16},"end":{"line":1,"column":34}},"1":{"start":{"line":2,"column":19},"end":{"line":2,"column":41}},"2":{"start":{"line":3,"column":20},"end":{"line":3,"column":45}},"3":{"start":{"line":4,"column":16},"end":{"line":4,"column":44}},"4":{"start":{"line":6,"column":12},"end":{"line":6,"column":21}},"5":{"start":{"line":9,"column":0},"end":{"line":15,"column":3}},"6":{"start":{"line":10,"column":2},"end":{"line":10,"column":34}},"7":{"start":{"line":11,"column":2},"end":{"line":13,"column":5}},"8":{"start":{"line":12,"column":4},"end":{"line":12,"column":36}},"9":{"start":{"line":14,"column":2},"end":{"line":14,"column":9}},"10":{"start":{"line":18,"column":0},"end":{"line":57,"column":3}},"11":{"start":{"line":19,"column":16},"end":{"line":19,"column":26}},"12":{"start":{"line":21,"column":2},"end":{"line":54,"column":5}},"13":{"start":{"line":22,"column":21},"end":{"line":22,"column":48}},"14":{"start":{"line":23,"column":18},"end":{"line":23,"column":55}},"15":{"start":{"line":26,"column":4},"end":{"line":30,"column":7}},"16":{"start":{"line":33,"column":4},"end":{"line":40,"column":6}},"17":{"start":{"line":43,"column":26},"end":{"line":43,"column":51}},"18":{"start":{"line":44,"column":4},"end":{"line":53,"column":5}},"19":{"start":{"line":45,"column":6},"end":{"line":52,"column":8}},"20":{"start":{"line":56,"column":2},"end":{"line":56,"column":9}},"21":{"start":{"line":59,"column":0},"end":{"line":59,"column":27}},"22":{"start":{"line":62,"column":0},"end":{"line":65,"column":3}},"23":{"start":{"line":63,"column":2},"end":{"line":63,"column":56}},"24":{"start":{"line":64,"column":2},"end":{"line":64,"column":44}},"25":{"start":{"line":67,"column":0},"end":{"line":67,"column":31}},"26":{"start":{"line":70,"column":0},"end":{"line":70,"column":59}},"27":{"start":{"line":70,"column":33},"end":{"line":70,"column":57}},"28":{"start":{"line":73,"column":0},"end":{"line":76,"column":3}},"29":{"start":{"line":74,"column":2},"end":{"line":74,"column":81}},"30":{"start":{"line":75,"column":2},"end":{"line":75,"column":53}},"31":{"start":{"line":79,"column":0},"end":{"line":83,"column":3}},"32":{"start":{"line":80,"column":2},"end":{"line":80,"column":91}},"33":{"start":{"line":81,"column":2},"end":{"line":81,"column":27}},"34":{"start":{"line":82,"column":2},"end":{"line":82,"column":59}},"35":{"start":{"line":85,"column":0},"end":{"line":85,"column":21}}},"fnMap":{"0":{"name":"(anonymous_0)","decl":{"start":{"line":9,"column":8},"end":{"line":9,"column":9}},"loc":{"start":{"line":9,"column":28},"end":{"line":15,"column":1}},"line":9},"1":{"name":"(anonymous_1)","decl":{"start":{"line":11,"column":19},"end":{"line":11,"column":20}},"loc":{"start":{"line":11,"column":25},"end":{"line":13,"column":3}},"line":11},"2":{"name":"(anonymous_2)","decl":{"start":{"line":18,"column":8},"end":{"line":18,"column":9}},"loc":{"start":{"line":18,"column":28},"end":{"line":57,"column":1}},"line":18},"3":{"name":"(anonymous_3)","decl":{"start":{"line":21,"column":19},"end":{"line":21,"column":20}},"loc":{"start":{"line":21,"column":25},"end":{"line":54,"column":3}},"line":21},"4":{"name":"(anonymous_4)","decl":{"start":{"line":62,"column":20},"end":{"line":62,"column":21}},"loc":{"start":{"line":62,"column":40},"end":{"line":65,"column":1}},"line":62},"5":{"name":"(anonymous_5)","decl":{"start":{"line":70,"column":19},"end":{"line":70,"column":20}},"loc":{"start":{"line":70,"column":33},"end":{"line":70,"column":57}},"line":70},"6":{"name":"(anonymous_6)","decl":{"start":{"line":73,"column":8},"end":{"line":73,"column":9}},"loc":{"start":{"line":73,"column":22},"end":{"line":76,"column":1}},"line":73},"7":{"name":"(anonymous_7)","decl":{"start":{"line":79,"column":8},"end":{"line":79,"column":9}},"loc":{"start":{"line":79,"column":33},"end":{"line":83,"column":1}},"line":79}},"branchMap":{"0":{"loc":{"start":{"line":23,"column":18},"end":{"line":23,"column":55}},"type":"cond-expr","locations":[{"start":{"line":23,"column":30},"end":{"line":23,"column":44}},{"start":{"line":23,"column":47},"end":{"line":23,"column":55}}],"line":23},"1":{"loc":{"start":{"line":44,"column":4},"end":{"line":53,"column":5}},"type":"if","locations":[{"start":{"line":44,"column":4},"end":{"line":53,"column":5}},{"start":{},"end":{}}],"line":44},"2":{"loc":{"start":{"line":80,"column":46},"end":{"line":80,"column":67}},"type":"binary-expr","locations":[{"start":{"line":80,"column":46},"end":{"line":80,"column":54}},{"start":{"line":80,"column":58},"end":{"line":80,"column":67}}],"line":80}},"s":{"0":1,"1":1,"2":1,"3":1,"4":1,"5":1,"6":0,"7":0,"8":0,"9":0,"10":1,"11":0,"12":0,"13":0,"14":0,"15":0,"16":0,"17":0,"18":0,"19":0,"20":0,"21":1,"22":1,"23":0,"24":0,"25":1,"26":1,"27":0,"28":1,"29":0,"30":0,"31":1,"32":0,"33":0,"34":0,"35":1},"f":{"0":0,"1":0,"2":0,"3":0,"4":0,"5":0,"6":0,"7":0},"b":{"0":[0,0],"1":[0,0],"2":[0,0]},"_coverageSchema":"1a1c01bbd47fc00a2c39e90264f33305004495a9","hash":"cffbc06459cb5266a48807e4eecd27d1848cf431"}
,"C:\\Users\\faccu\\Desktop\\02-mundosE\\proyecto1-devops-2025-g15\\src\\controllers\\tasksController.js": {"path":"C:\\Users\\faccu\\Desktop\\02-mundosE\\proyecto1-devops-2025-g15\\src\\controllers\\tasksController.js","statementMap":{"0":{"start":{"line":1,"column":17},"end":{"line":1,"column":40}},"1":{"start":{"line":2,"column":19},"end":{"line":2,"column":36}},"2":{"start":{"line":3,"column":16},"end":{"line":3,"column":45}},"3":{"start":{"line":7,"column":16},"end":{"line":7,"column":36}},"4":{"start":{"line":8,"column":25},"end":{"line":8,"column":62}},"5":{"start":{"line":8,"column":43},"end":{"line":8,"column":54}},"6":{"start":{"line":9,"column":21},"end":{"line":9,"column":33}},"7":{"start":{"line":11,"column":2},"end":{"line":11,"column":37}},"8":{"start":{"line":13,"column":2},"end":{"line":17,"column":3}},"9":{"start":{"line":14,"column":4},"end":{"line":14,"column":65}},"10":{"start":{"line":16,"column":4},"end":{"line":16,"column":39}},"11":{"start":{"line":20,"column":0},"end":{"line":168,"column":2}},"12":{"start":{"line":22,"column":18},"end":{"line":22,"column":28}},"13":{"start":{"line":23,"column":4},"end":{"line":42,"column":5}},"14":{"start":{"line":24,"column":20},"end":{"line":24,"column":40}},"15":{"start":{"line":25,"column":23},"end":{"line":25,"column":50}},"16":{"start":{"line":27,"column":6},"end":{"line":30,"column":8}},"17":{"start":{"line":32,"column":6},"end":{"line":32,"column":22}},"18":{"start":{"line":34,"column":23},"end":{"line":34,"column":50}},"19":{"start":{"line":35,"column":6},"end":{"line":38,"column":8}},"20":{"start":{"line":39,"column":6},"end":{"line":39,"column":80}},"21":{"start":{"line":40,"column":6},"end":{"line":40,"column":84}},"22":{"start":{"line":41,"column":6},"end":{"line":41,"column":63}},"23":{"start":{"line":46,"column":18},"end":{"line":46,"column":28}},"24":{"start":{"line":47,"column":4},"end":{"line":76,"column":5}},"25":{"start":{"line":48,"column":19},"end":{"line":53,"column":7}},"26":{"start":{"line":55,"column":6},"end":{"line":55,"column":32}},"27":{"start":{"line":57,"column":23},"end":{"line":57,"column":50}},"28":{"start":{"line":58,"column":6},"end":{"line":61,"column":8}},"29":{"start":{"line":63,"column":6},"end":{"line":63,"column":54}},"30":{"start":{"line":64,"column":6},"end":{"line":64,"column":29}},"31":{"start":{"line":66,"column":6},"end":{"line":66,"column":33}},"32":{"start":{"line":68,"column":23},"end":{"line":68,"column":50}},"33":{"start":{"line":69,"column":6},"end":{"line":72,"column":8}},"34":{"start":{"line":73,"column":6},"end":{"line":73,"column":82}},"35":{"start":{"line":74,"column":6},"end":{"line":74,"column":84}},"36":{"start":{"line":75,"column":6},"end":{"line":75,"column":63}},"37":{"start":{"line":80,"column":18},"end":{"line":80,"column":28}},"38":{"start":{"line":81,"column":4},"end":{"line":104,"column":5}},"39":{"start":{"line":82,"column":16},"end":{"line":82,"column":47}},"40":{"start":{"line":84,"column":23},"end":{"line":84,"column":50}},"41":{"start":{"line":85,"column":6},"end":{"line":88,"column":8}},"42":{"start":{"line":90,"column":6},"end":{"line":92,"column":7}},"43":{"start":{"line":91,"column":8},"end":{"line":91,"column":60}},"44":{"start":{"line":94,"column":6},"end":{"line":94,"column":18}},"45":{"start":{"line":96,"column":23},"end":{"line":96,"column":50}},"46":{"start":{"line":97,"column":6},"end":{"line":100,"column":8}},"47":{"start":{"line":101,"column":6},"end":{"line":101,"column":79}},"48":{"start":{"line":102,"column":6},"end":{"line":102,"column":88}},"49":{"start":{"line":103,"column":6},"end":{"line":103,"column":63}},"50":{"start":{"line":108,"column":18},"end":{"line":108,"column":28}},"51":{"start":{"line":109,"column":4},"end":{"line":135,"column":5}},"52":{"start":{"line":110,"column":22},"end":{"line":110,"column":66}},"53":{"start":{"line":112,"column":23},"end":{"line":112,"column":50}},"54":{"start":{"line":113,"column":6},"end":{"line":116,"column":8}},"55":{"start":{"line":118,"column":6},"end":{"line":120,"column":7}},"56":{"start":{"line":119,"column":8},"end":{"line":119,"column":60}},"57":{"start":{"line":122,"column":6},"end":{"line":122,"column":33}},"58":{"start":{"line":123,"column":6},"end":{"line":123,"column":29}},"59":{"start":{"line":125,"column":6},"end":{"line":125,"column":24}},"60":{"start":{"line":127,"column":23},"end":{"line":127,"column":50}},"61":{"start":{"line":128,"column":6},"end":{"line":131,"column":8}},"62":{"start":{"line":132,"column":6},"end":{"line":132,"column":82}},"63":{"start":{"line":133,"column":6},"end":{"line":133,"column":88}},"64":{"start":{"line":134,"column":6},"end":{"line":134,"column":63}},"65":{"start":{"line":139,"column":18},"end":{"line":139,"column":28}},"66":{"start":{"line":140,"column":4},"end":{"line":166,"column":5}},"67":{"start":{"line":141,"column":17},"end":{"line":141,"column":51}},"68":{"start":{"line":143,"column":23},"end":{"line":143,"column":50}},"69":{"start":{"line":144,"column":6},"end":{"line":147,"column":8}},"70":{"start":{"line":149,"column":6},"end":{"line":151,"column":7}},"71":{"start":{"line":150,"column":8},"end":{"line":150,"column":60}},"72":{"start":{"line":153,"column":6},"end":{"line":153,"column":33}},"73":{"start":{"line":154,"column":6},"end":{"line":154,"column":29}},"74":{"start":{"line":156,"column":6},"end":{"line":156,"column":34}},"75":{"start":{"line":158,"column":23},"end":{"line":158,"column":50}},"76":{"start":{"line":159,"column":6},"end":{"line":162,"column":8}},"77":{"start":{"line":163,"column":6},"end":{"line":163,"column":82}},"78":{"start":{"line":164,"column":6},"end":{"line":164,"column":88}},"79":{"start":{"line":165,"column":6},"end":{"line":165,"column":63}}},"fnMap":{"0":{"name":"updateTaskStatistics","decl":{"start":{"line":6,"column":9},"end":{"line":6,"column":29}},"loc":{"start":{"line":6,"column":32},"end":{"line":18,"column":1}},"line":6},"1":{"name":"(anonymous_1)","decl":{"start":{"line":8,"column":38},"end":{"line":8,"column":39}},"loc":{"start":{"line":8,"column":43},"end":{"line":8,"column":54}},"line":8},"2":{"name":"(anonymous_2)","decl":{"start":{"line":21,"column":13},"end":{"line":21,"column":14}},"loc":{"start":{"line":21,"column":33},"end":{"line":43,"column":3}},"line":21},"3":{"name":"(anonymous_3)","decl":{"start":{"line":45,"column":14},"end":{"line":45,"column":15}},"loc":{"start":{"line":45,"column":34},"end":{"line":77,"column":3}},"line":45},"4":{"name":"(anonymous_4)","decl":{"start":{"line":79,"column":11},"end":{"line":79,"column":12}},"loc":{"start":{"line":79,"column":31},"end":{"line":105,"column":3}},"line":79},"5":{"name":"(anonymous_5)","decl":{"start":{"line":107,"column":14},"end":{"line":107,"column":15}},"loc":{"start":{"line":107,"column":34},"end":{"line":136,"column":3}},"line":107},"6":{"name":"(anonymous_6)","decl":{"start":{"line":138,"column":14},"end":{"line":138,"column":15}},"loc":{"start":{"line":138,"column":34},"end":{"line":167,"column":3}},"line":138}},"branchMap":{"0":{"loc":{"start":{"line":13,"column":2},"end":{"line":17,"column":3}},"type":"if","locations":[{"start":{"line":13,"column":2},"end":{"line":17,"column":3}},{"start":{"line":15,"column":9},"end":{"line":17,"column":3}}],"line":13},"1":{"loc":{"start":{"line":50,"column":15},"end":{"line":50,"column":43}},"type":"binary-expr","locations":[{"start":{"line":50,"column":15},"end":{"line":50,"column":29}},{"start":{"line":50,"column":33},"end":{"line":50,"column":43}}],"line":50},"2":{"loc":{"start":{"line":86,"column":36},"end":{"line":86,"column":63}},"type":"cond-expr","locations":[{"start":{"line":86,"column":40},"end":{"line":86,"column":49}},{"start":{"line":86,"column":52},"end":{"line":86,"column":63}}],"line":86},"3":{"loc":{"start":{"line":90,"column":6},"end":{"line":92,"column":7}},"type":"if","locations":[{"start":{"line":90,"column":6},"end":{"line":92,"column":7}},{"start":{},"end":{}}],"line":90},"4":{"loc":{"start":{"line":114,"column":39},"end":{"line":114,"column":72}},"type":"cond-expr","locations":[{"start":{"line":114,"column":49},"end":{"line":114,"column":58}},{"start":{"line":114,"column":61},"end":{"line":114,"column":72}}],"line":114},"5":{"loc":{"start":{"line":118,"column":6},"end":{"line":120,"column":7}},"type":"if","locations":[{"start":{"line":118,"column":6},"end":{"line":120,"column":7}},{"start":{},"end":{}}],"line":118},"6":{"loc":{"start":{"line":145,"column":39},"end":{"line":145,"column":67}},"type":"cond-expr","locations":[{"start":{"line":145,"column":44},"end":{"line":145,"column":53}},{"start":{"line":145,"column":56},"end":{"line":145,"column":67}}],"line":145},"7":{"loc":{"start":{"line":149,"column":6},"end":{"line":151,"column":7}},"type":"if","locations":[{"start":{"line":149,"column":6},"end":{"line":151,"column":7}},{"start":{},"end":{}}],"line":149}},"s":{"0":1,"1":1,"2":1,"3":0,"4":0,"5":0,"6":0,"7":0,"8":0,"9":0,"10":0,"11":1,"12":0,"13":0,"14":0,"15":0,"16":0,"17":0,"18":0,"19":0,"20":0,"21":0,"22":0,"23":0,"24":0,"25":0,"26":0,"27":0,"28":0,"29":0,"30":0,"31":0,"32":0,"33":0,"34":0,"35":0,"36":0,"37":0,"38":0,"39":0,"40":0,"41":0,"42":0,"43":0,"44":0,"45":0,"46":0,"47":0,"48":0,"49":0,"50":0,"51":0,"52":0,"53":0,"54":0,"55":0,"56":0,"57":0,"58":0,"59":0,"60":0,"61":0,"62":0,"63":0,"64":0,"65":0,"66":0,"67":0,"68":0,"69":0,"70":0,"71":0,"72":0,"73":0,"74":0,"75":0,"76":0,"77":0,"78":0,"79":0},"f":{"0":0,"1":0,"2":0,"3":0,"4":0,"5":0,"6":0},"b":{"0":[0,0],"1":[0,0],"2":[0,0],"3":[0,0],"4":[0,0],"5":[0,0],"6":[0,0],"7":[0,0]},"_coverageSchema":"1a1c01bbd47fc00a2c39e90264f33305004495a9","hash":"c00c4390b423b33ab91906471d18114f36777c4e"}
,"C:\\Users\\faccu\\Desktop\\02-mundosE\\proyecto1-devops-2025-g15\\src\\db\\sqlite.js": {"path":"C:\\Users\\faccu\\Desktop\\02-mundosE\\proyecto1-devops-2025-g15\\src\\db\\sqlite.js","statementMap":{"0":{"start":{"line":1,"column":17},"end":{"line":1,"column":42}},"1":{"start":{"line":2,"column":13},"end":{"line":2,"column":28}},"2":{"start":{"line":3,"column":11},"end":{"line":3,"column":24}},"3":{"start":{"line":5,"column":13},"end":{"line":5,"column":55}},"4":{"start":{"line":6,"column":0},"end":{"line":6,"column":94}},"5":{"start":{"line":6,"column":40},"end":{"line":6,"column":94}},"6":{"start":{"line":8,"column":11},"end":{"line":8,"column":29}},"7":{"start":{"line":9,"column":0},"end":{"line":9,"column":32}},"8":{"start":{"line":11,"column":0},"end":{"line":16,"column":10}},"9":{"start":{"line":18,"column":0},"end":{"line":45,"column":2}},"10":{"start":{"line":21,"column":4},"end":{"line":22,"column":72}},"11":{"start":{"line":25,"column":4},"end":{"line":26,"column":67}},"12":{"start":{"line":26,"column":17},"end":{"line":26,"column":64}},"13":{"start":{"line":29,"column":14},"end":{"line":29,"column":98}},"14":{"start":{"line":30,"column":4},"end":{"line":30,"column":72}},"15":{"start":{"line":33,"column":21},"end":{"line":33,"column":37}},"16":{"start":{"line":34,"column":4},"end":{"line":34,"column":31}},"17":{"start":{"line":34,"column":19},"end":{"line":34,"column":31}},"18":{"start":{"line":35,"column":18},"end":{"line":35,"column":72}},"19":{"start":{"line":36,"column":22},"end":{"line":36,"column":108}},"20":{"start":{"line":37,"column":4},"end":{"line":37,"column":99}},"21":{"start":{"line":38,"column":4},"end":{"line":38,"column":28}},"22":{"start":{"line":41,"column":17},"end":{"line":41,"column":69}},"23":{"start":{"line":42,"column":4},"end":{"line":42,"column":28}},"24":{"start":{"line":44,"column":12},"end":{"line":44,"column":23}}},"fnMap":{"0":{"name":"(anonymous_0)","decl":{"start":{"line":20,"column":2},"end":{"line":20,"column":3}},"loc":{"start":{"line":20,"column":19},"end":{"line":23,"column":3}},"line":20},"1":{"name":"(anonymous_1)","decl":{"start":{"line":24,"column":2},"end":{"line":24,"column":3}},"loc":{"start":{"line":24,"column":14},"end":{"line":27,"column":3}},"line":24},"2":{"name":"(anonymous_2)","decl":{"start":{"line":26,"column":11},"end":{"line":26,"column":12}},"loc":{"start":{"line":26,"column":17},"end":{"line":26,"column":64}},"line":26},"3":{"name":"(anonymous_3)","decl":{"start":{"line":28,"column":2},"end":{"line":28,"column":3}},"loc":{"start":{"line":28,"column":14},"end":{"line":31,"column":3}},"line":28},"4":{"name":"(anonymous_4)","decl":{"start":{"line":32,"column":2},"end":{"line":32,"column":3}},"loc":{"start":{"line":32,"column":23},"end":{"line":39,"column":3}},"line":32},"5":{"name":"(anonymous_5)","decl":{"start":{"line":40,"column":2},"end":{"line":40,"column":3}},"loc":{"start":{"line":40,"column":17},"end":{"line":43,"column":3}},"line":40},"6":{"name":"(anonymous_6)","decl":{"start":{"line":44,"column":2},"end":{"line":44,"column":3}},"loc":{"start":{"line":44,"column":10},"end":{"line":44,"column":25}},"line":44}},"branchMap":{"0":{"loc":{"start":{"line":6,"column":0},"end":{"line":6,"column":94}},"type":"if","locations":[{"start":{"line":6,"column":0},"end":{"line":6,"column":94}},{"start":{},"end":{}}],"line":6},"1":{"loc":{"start":{"line":22,"column":32},"end":{"line":22,"column":54}},"type":"cond-expr","locations":[{"start":{"line":22,"column":49},"end":{"line":22,"column":50}},{"start":{"line":22,"column":53},"end":{"line":22,"column":54}}],"line":22},"2":{"loc":{"start":{"line":26,"column":36},"end":{"line":26,"column":62}},"type":"cond-expr","locations":[{"start":{"line":26,"column":50},"end":{"line":26,"column":54}},{"start":{"line":26,"column":57},"end":{"line":26,"column":62}}],"line":26},"3":{"loc":{"start":{"line":30,"column":11},"end":{"line":30,"column":71}},"type":"cond-expr","locations":[{"start":{"line":30,"column":16},"end":{"line":30,"column":63}},{"start":{"line":30,"column":67},"end":{"line":30,"column":71}}],"line":30},"4":{"loc":{"start":{"line":30,"column":35},"end":{"line":30,"column":61}},"type":"cond-expr","locations":[{"start":{"line":30,"column":49},"end":{"line":30,"column":53}},{"start":{"line":30,"column":56},"end":{"line":30,"column":61}}],"line":30},"5":{"loc":{"start":{"line":34,"column":4},"end":{"line":34,"column":31}},"type":"if","locations":[{"start":{"line":34,"column":4},"end":{"line":34,"column":31}},{"start":{},"end":{}}],"line":34},"6":{"loc":{"start":{"line":35,"column":18},"end":{"line":35,"column":72}},"type":"cond-expr","locations":[{"start":{"line":35,"column":45},"end":{"line":35,"column":55}},{"start":{"line":35,"column":58},"end":{"line":35,"column":72}}],"line":35},"7":{"loc":{"start":{"line":36,"column":22},"end":{"line":36,"column":108}},"type":"cond-expr","locations":[{"start":{"line":36,"column":54},"end":{"line":36,"column":76}},{"start":{"line":36,"column":81},"end":{"line":36,"column":107}}],"line":36},"8":{"loc":{"start":{"line":36,"column":54},"end":{"line":36,"column":76}},"type":"cond-expr","locations":[{"start":{"line":36,"column":71},"end":{"line":36,"column":72}},{"start":{"line":36,"column":75},"end":{"line":36,"column":76}}],"line":36},"9":{"loc":{"start":{"line":36,"column":81},"end":{"line":36,"column":107}},"type":"cond-expr","locations":[{"start":{"line":36,"column":102},"end":{"line":36,"column":103}},{"start":{"line":36,"column":106},"end":{"line":36,"column":107}}],"line":36}},"s":{"0":1,"1":1,"2":1,"3":1,"4":1,"5":0,"6":1,"7":1,"8":1,"9":1,"10":0,"11":0,"12":0,"13":0,"14":0,"15":0,"16":0,"17":0,"18":0,"19":0,"20":0,"21":0,"22":0,"23":0,"24":0},"f":{"0":0,"1":0,"2":0,"3":0,"4":0,"5":0,"6":0},"b":{"0":[0,1],"1":[0,0],"2":[0,0],"3":[0,0],"4":[0,0],"5":[0,0],"6":[0,0],"7":[0,0],"8":[0,0],"9":[0,0]},"_coverageSchema":"1a1c01bbd47fc00a2c39e90264f33305004495a9","hash":"338505b062a4cf167561f92b4f5baf48fb1b82b7"}
,"C:\\Users\\faccu\\Desktop\\02-mundosE\\proyecto1-devops-2025-g15\\src\\metrics\\metrics.js": {"path":"C:\\Users\\faccu\\Desktop\\02-mundosE\\proyecto1-devops-2025-g15\\src\\metrics\\metrics.js","statementMap":{"0":{"start":{"line":1,"column":15},"end":{"line":1,"column":37}},"1":{"start":{"line":3,"column":17},"end":{"line":3,"column":38}},"2":{"start":{"line":4,"column":0},"end":{"line":4,"column":43}},"3":{"start":{"line":7,"column":26},"end":{"line":11,"column":2}},"4":{"start":{"line":13,"column":28},"end":{"line":18,"column":2}},"5":{"start":{"line":21,"column":19},"end":{"line":24,"column":2}},"6":{"start":{"line":26,"column":21},"end":{"line":30,"column":2}},"7":{"start":{"line":32,"column":21},"end":{"line":35,"column":2}},"8":{"start":{"line":37,"column":21},"end":{"line":40,"column":2}},"9":{"start":{"line":42,"column":28},"end":{"line":45,"column":2}},"10":{"start":{"line":48,"column":34},"end":{"line":53,"column":2}},"11":{"start":{"line":55,"column":23},"end":{"line":59,"column":2}},"12":{"start":{"line":62,"column":26},"end":{"line":66,"column":2}},"13":{"start":{"line":69,"column":25},"end":{"line":74,"column":2}},"14":{"start":{"line":77,"column":26},"end":{"line":80,"column":2}},"15":{"start":{"line":83,"column":0},"end":{"line":83,"column":43}},"16":{"start":{"line":84,"column":0},"end":{"line":84,"column":45}},"17":{"start":{"line":85,"column":0},"end":{"line":85,"column":36}},"18":{"start":{"line":86,"column":0},"end":{"line":86,"column":38}},"19":{"start":{"line":87,"column":0},"end":{"line":87,"column":38}},"20":{"start":{"line":88,"column":0},"end":{"line":88,"column":38}},"21":{"start":{"line":89,"column":0},"end":{"line":89,"column":45}},"22":{"start":{"line":90,"column":0},"end":{"line":90,"column":51}},"23":{"start":{"line":91,"column":0},"end":{"line":91,"column":40}},"24":{"start":{"line":92,"column":0},"end":{"line":92,"column":43}},"25":{"start":{"line":93,"column":0},"end":{"line":93,"column":42}},"26":{"start":{"line":94,"column":0},"end":{"line":94,"column":43}},"27":{"start":{"line":96,"column":0},"end":{"line":110,"column":2}}},"fnMap":{},"branchMap":{},"s":{"0":1,"1":1,"2":1,"3":1,"4":1,"5":1,"6":1,"7":1,"8":1,"9":1,"10":1,"11":1,"12":1,"13":1,"14":1,"15":1,"16":1,"17":1,"18":1,"19":1,"20":1,"21":1,"22":1,"23":1,"24":1,"25":1,"26":1,"27":1},"f":{},"b":{},"_coverageSchema":"1a1c01bbd47fc00a2c39e90264f33305004495a9","hash":"e3b59172df2faa94d2bff0c0cc0942d2f6a3413c"}
,"C:\\Users\\faccu\\Desktop\\02-mundosE\\proyecto1-devops-2025-g15\\src\\routes\\tasks.js": {"path":"C:\\Users\\faccu\\Desktop\\02-mundosE\\proyecto1-devops-2025-g15\\src\\routes\\tasks.js","statementMap":{"0":{"start":{"line":1,"column":16},"end":{"line":1,"column":34}},"1":{"start":{"line":2,"column":15},"end":{"line":2,"column":31}},"2":{"start":{"line":3,"column":19},"end":{"line":3,"column":60}},"3":{"start":{"line":5,"column":0},"end":{"line":5,"column":38}},"4":{"start":{"line":6,"column":0},"end":{"line":6,"column":40}},"5":{"start":{"line":7,"column":0},"end":{"line":7,"column":39}},"6":{"start":{"line":8,"column":0},"end":{"line":8,"column":42}},"7":{"start":{"line":9,"column":0},"end":{"line":9,"column":45}},"8":{"start":{"line":11,"column":0},"end":{"line":11,"column":24}}},"fnMap":{},"branchMap":{},"s":{"0":1,"1":1,"2":1,"3":1,"4":1,"5":1,"6":1,"7":1,"8":1},"f":{},"b":{},"_coverageSchema":"1a1c01bbd47fc00a2c39e90264f33305004495a9","hash":"ae958aab327bf00d803ae0914f800dbc07395173"}
}
