TN:
SF:src\app.js
FN:9,(anonymous_0)
FN:11,(anonymous_1)
FN:18,(anonymous_2)
FN:21,(anonymous_3)
FN:62,(anonymous_4)
FN:70,(anonymous_5)
FN:73,(anonymous_6)
FN:79,(anonymous_7)
FNF:8
FNH:0
FNDA:0,(anonymous_0)
FNDA:0,(anonymous_1)
FNDA:0,(anonymous_2)
FNDA:0,(anonymous_3)
FNDA:0,(anonymous_4)
FNDA:0,(anonymous_5)
FNDA:0,(anonymous_6)
FNDA:0,(anonymous_7)
DA:1,1
DA:2,1
DA:3,1
DA:4,1
DA:6,1
DA:9,1
DA:10,0
DA:11,0
DA:12,0
DA:14,0
DA:18,1
DA:19,0
DA:21,0
DA:22,0
DA:23,0
DA:26,0
DA:33,0
DA:43,0
DA:44,0
DA:45,0
DA:56,0
DA:59,1
DA:62,1
DA:63,0
DA:64,0
DA:67,1
DA:70,1
DA:73,1
DA:74,0
DA:75,0
DA:79,1
DA:80,0
DA:81,0
DA:82,0
DA:85,1
LF:35
LH:14
BRDA:23,0,0,0
BRDA:23,0,1,0
BRDA:44,1,0,0
BRDA:44,1,1,0
BRDA:80,2,0,0
BRDA:80,2,1,0
BRF:6
BRH:0
end_of_record
TN:
SF:src\controllers\tasksController.js
FN:6,updateTaskStatistics
FN:8,(anonymous_1)
FN:21,(anonymous_2)
FN:45,(anonymous_3)
FN:79,(anonymous_4)
FN:107,(anonymous_5)
FN:138,(anonymous_6)
FNF:7
FNH:0
FNDA:0,updateTaskStatistics
FNDA:0,(anonymous_1)
FNDA:0,(anonymous_2)
FNDA:0,(anonymous_3)
FNDA:0,(anonymous_4)
FNDA:0,(anonymous_5)
FNDA:0,(anonymous_6)
DA:1,1
DA:2,1
DA:3,1
DA:7,0
DA:8,0
DA:9,0
DA:11,0
DA:13,0
DA:14,0
DA:16,0
DA:20,1
DA:22,0
DA:23,0
DA:24,0
DA:25,0
DA:27,0
DA:32,0
DA:34,0
DA:35,0
DA:39,0
DA:40,0
DA:41,0
DA:46,0
DA:47,0
DA:48,0
DA:55,0
DA:57,0
DA:58,0
DA:63,0
DA:64,0
DA:66,0
DA:68,0
DA:69,0
DA:73,0
DA:74,0
DA:75,0
DA:80,0
DA:81,0
DA:82,0
DA:84,0
DA:85,0
DA:90,0
DA:91,0
DA:94,0
DA:96,0
DA:97,0
DA:101,0
DA:102,0
DA:103,0
DA:108,0
DA:109,0
DA:110,0
DA:112,0
DA:113,0
DA:118,0
DA:119,0
DA:122,0
DA:123,0
DA:125,0
DA:127,0
DA:128,0
DA:132,0
DA:133,0
DA:134,0
DA:139,0
DA:140,0
DA:141,0
DA:143,0
DA:144,0
DA:149,0
DA:150,0
DA:153,0
DA:154,0
DA:156,0
DA:158,0
DA:159,0
DA:163,0
DA:164,0
DA:165,0
LF:79
LH:4
BRDA:13,0,0,0
BRDA:13,0,1,0
BRDA:50,1,0,0
BRDA:50,1,1,0
BRDA:86,2,0,0
BRDA:86,2,1,0
BRDA:90,3,0,0
BRDA:90,3,1,0
BRDA:114,4,0,0
BRDA:114,4,1,0
BRDA:118,5,0,0
BRDA:118,5,1,0
BRDA:145,6,0,0
BRDA:145,6,1,0
BRDA:149,7,0,0
BRDA:149,7,1,0
BRF:16
BRH:0
end_of_record
TN:
SF:src\db\sqlite.js
FN:20,(anonymous_0)
FN:24,(anonymous_1)
FN:26,(anonymous_2)
FN:28,(anonymous_3)
FN:32,(anonymous_4)
FN:40,(anonymous_5)
FN:44,(anonymous_6)
FNF:7
FNH:0
FNDA:0,(anonymous_0)
FNDA:0,(anonymous_1)
FNDA:0,(anonymous_2)
FNDA:0,(anonymous_3)
FNDA:0,(anonymous_4)
FNDA:0,(anonymous_5)
FNDA:0,(anonymous_6)
DA:1,1
DA:2,1
DA:3,1
DA:5,1
DA:6,1
DA:8,1
DA:9,1
DA:11,1
DA:18,1
DA:21,0
DA:25,0
DA:26,0
DA:29,0
DA:30,0
DA:33,0
DA:34,0
DA:35,0
DA:36,0
DA:37,0
DA:38,0
DA:41,0
DA:42,0
DA:44,0
LF:23
LH:9
BRDA:6,0,0,0
BRDA:6,0,1,1
BRDA:22,1,0,0
BRDA:22,1,1,0
BRDA:26,2,0,0
BRDA:26,2,1,0
BRDA:30,3,0,0
BRDA:30,3,1,0
BRDA:30,4,0,0
BRDA:30,4,1,0
BRDA:34,5,0,0
BRDA:34,5,1,0
BRDA:35,6,0,0
BRDA:35,6,1,0
BRDA:36,7,0,0
BRDA:36,7,1,0
BRDA:36,8,0,0
BRDA:36,8,1,0
BRDA:36,9,0,0
BRDA:36,9,1,0
BRF:20
BRH:1
end_of_record
TN:
SF:src\metrics\metrics.js
FNF:0
FNH:0
DA:1,1
DA:3,1
DA:4,1
DA:7,1
DA:13,1
DA:21,1
DA:26,1
DA:32,1
DA:37,1
DA:42,1
DA:48,1
DA:55,1
DA:62,1
DA:69,1
DA:77,1
DA:83,1
DA:84,1
DA:85,1
DA:86,1
DA:87,1
DA:88,1
DA:89,1
DA:90,1
DA:91,1
DA:92,1
DA:93,1
DA:94,1
DA:96,1
LF:28
LH:28
BRF:0
BRH:0
end_of_record
TN:
SF:src\routes\tasks.js
FNF:0
FNH:0
DA:1,1
DA:2,1
DA:3,1
DA:5,1
DA:6,1
DA:7,1
DA:8,1
DA:9,1
DA:11,1
LF:9
LH:9
BRF:0
BRH:0
end_of_record
